<?xml version="1.0" encoding="UTF-8"?>
<!-- Generated by org.testng.reporters.JUnitXMLReporter -->
<testsuite hostname="BindhuPrasads-PC" name="AutoGroupTest" tests="6" failures="1" timestamp="22 Mar 2021 12:27:39 GMT" time="117.615" errors="0">
  <testcase name="TestCase_001" time="32.732" classname="com.app.test.TestCases"/>
  <testcase name="TestCase_004" time="7.682" classname="com.app.test.TestCases"/>
  <testcase name="TestCase_006" time="12.019" classname="com.app.test.TestCases"/>
  <testcase name="TestCase_002" time="7.818" classname="com.app.test.TestCases"/>
  <testcase name="TestCase_005" time="9.119" classname="com.app.test.TestCases"/>
  <testcase name="TestCase_003" time="46.822" classname="com.app.test.TestCases">
    <failure type="java.lang.AssertionError" message="duplicate Offer is not created expected [true] but found [false]">
      <![CDATA[java.lang.AssertionError: duplicate Offer is not created expected [true] but found [false]
	at com.project.pages.ManagerPage.assertDuplicateOfferCreated(ManagerPage.java:50)
	at com.app.test.TestCases.TestCase_003(TestCases.java:81)
... Removed 28 stack frames]]>
    </failure>
  </testcase> <!-- TestCase_003 -->
</testsuite> <!-- AutoGroupTest -->
